<?xml version="1.0" encoding="UTF-8"?>
<testsuite name="FailingTest" tests="4" skipped="0" failures="0" errors="0" timestamp="2022-05-13T02:00:42" hostname="DESKTOP-1OLJB1B" time="0.01">
  <properties/>
  <testcase name="test_parametroInvalido" classname="FailingTest" time="0.005"/>
  <testcase name="test1" classname="FailingTest" time="0.0"/>
  <testcase name="test2" classname="FailingTest" time="0.0"/>
  <testcase name="test3" classname="FailingTest" time="0.002"/>
  <system-out><![CDATA[]]></system-out>
  <system-err><![CDATA[]]></system-err>
</testsuite>
